0 info it worked if it ends with ok
1 verbose cli [ 'C:\\Program Files (x86)\\nodejs\\\\node.exe',
1 verbose cli   'C:\\Program Files (x86)\\nodejs\\node_modules\\npm\\bin\\npm-cli.js',
1 verbose cli   'install',
1 verbose cli   '--save-dev',
1 verbose cli   'cleanCssOptions' ]
2 info using npm@2.10.1
3 info using node@v0.12.4
4 verbose install initial load of D:\Projects\untitled\package.json
5 verbose installManyTop reading scoped package data from D:\Projects\untitled\node_modules\bower\package.json
6 verbose installManyTop reading scoped package data from D:\Projects\untitled\node_modules\grunt\package.json
7 verbose installManyTop reading scoped package data from D:\Projects\untitled\node_modules\grunt-contrib-connect\package.json
8 verbose installManyTop reading scoped package data from D:\Projects\untitled\node_modules\grunt-contrib-less\package.json
9 verbose installManyTop reading scoped package data from D:\Projects\untitled\node_modules\grunt-contrib-uglify\package.json
10 verbose installManyTop reading scoped package data from D:\Projects\untitled\node_modules\grunt-contrib-watch\package.json
11 verbose installManyTop reading scoped package data from D:\Projects\untitled\node_modules\http-server\package.json
12 verbose installManyTop reading scoped package data from D:\Projects\untitled\node_modules\jasmine-core\package.json
13 verbose installManyTop reading scoped package data from D:\Projects\untitled\node_modules\karma\package.json
14 verbose installManyTop reading scoped package data from D:\Projects\untitled\node_modules\karma-chrome-launcher\package.json
15 verbose installManyTop reading scoped package data from D:\Projects\untitled\node_modules\karma-firefox-launcher\package.json
16 verbose installManyTop reading scoped package data from D:\Projects\untitled\node_modules\karma-jasmine\package.json
17 verbose installManyTop reading scoped package data from D:\Projects\untitled\node_modules\karma-junit-reporter\package.json
18 verbose installManyTop reading scoped package data from D:\Projects\untitled\node_modules\less-plugin-autoprefix\package.json
19 verbose installManyTop reading scoped package data from D:\Projects\untitled\node_modules\less-plugin-clean-css\package.json
20 verbose installManyTop reading scoped package data from D:\Projects\untitled\node_modules\protractor\package.json
21 verbose installManyTop reading scoped package data from D:\Projects\untitled\node_modules\shelljs\package.json
22 info package.json http-server@0.6.1 No license field.
23 info package.json less-plugin-autoprefix@1.5.1 No license field.
24 info package.json less-plugin-clean-css@1.5.1 No license field.
25 info package.json shelljs@0.2.6 No license field.
26 verbose readDependencies loading dependencies from D:\Projects\untitled\package.json
27 silly cache add args [ 'cleanCssOptions', null ]
28 verbose cache add spec cleanCssOptions
29 silly cache add parsed spec { raw: 'cleanCssOptions',
29 silly cache add   scope: null,
29 silly cache add   name: 'cleanCssOptions',
29 silly cache add   rawSpec: '',
29 silly cache add   spec: '*',
29 silly cache add   type: 'range' }
30 silly addNamed cleanCssOptions@*
31 verbose addNamed "*" is a valid semver range for cleanCssOptions
32 silly addNameRange { name: 'cleanCssOptions', range: '*', hasData: false }
33 silly mapToRegistry name cleanCssOptions
34 silly mapToRegistry using default registry
35 silly mapToRegistry registry https://registry.npmjs.org/
36 silly mapToRegistry uri https://registry.npmjs.org/cleanCssOptions
37 verbose addNameRange registry:https://registry.npmjs.org/cleanCssOptions not in flight; fetching
38 verbose request uri https://registry.npmjs.org/cleanCssOptions
39 verbose request no auth needed
40 info attempt registry request try #1 at 16:15:42
41 verbose request id 92501d926ae4b67e
42 http request GET https://registry.npmjs.org/cleanCssOptions
43 http 404 https://registry.npmjs.org/cleanCssOptions
44 verbose headers { 'content-type': 'application/json',
44 verbose headers   'cache-control': 'max-age=0',
44 verbose headers   'content-length': '2',
44 verbose headers   'accept-ranges': 'bytes',
44 verbose headers   date: 'Sat, 21 May 2016 13:16:00 GMT',
44 verbose headers   via: '1.1 varnish',
44 verbose headers   age: '0',
44 verbose headers   connection: 'keep-alive',
44 verbose headers   'x-served-by': 'cache-fra1222-FRA',
44 verbose headers   'x-cache': 'MISS',
44 verbose headers   'x-cache-hits': '0',
44 verbose headers   'x-timer': 'S1463836560.562514,VS0,VE437',
44 verbose headers   vary: 'Accept-Encoding' }
45 silly get cb [ 404,
45 silly get   { 'content-type': 'application/json',
45 silly get     'cache-control': 'max-age=0',
45 silly get     'content-length': '2',
45 silly get     'accept-ranges': 'bytes',
45 silly get     date: 'Sat, 21 May 2016 13:16:00 GMT',
45 silly get     via: '1.1 varnish',
45 silly get     age: '0',
45 silly get     connection: 'keep-alive',
45 silly get     'x-served-by': 'cache-fra1222-FRA',
45 silly get     'x-cache': 'MISS',
45 silly get     'x-cache-hits': '0',
45 silly get     'x-timer': 'S1463836560.562514,VS0,VE437',
45 silly get     vary: 'Accept-Encoding' } ]
46 verbose stack Error: Registry returned 404 for GET on https://registry.npmjs.org/cleanCssOptions
46 verbose stack     at CachingRegistryClient.<anonymous> (C:\Program Files (x86)\nodejs\node_modules\npm\node_modules\npm-registry-client\lib\request.js:239:14)
46 verbose stack     at Request._callback (C:\Program Files (x86)\nodejs\node_modules\npm\node_modules\npm-registry-client\lib\request.js:170:14)
46 verbose stack     at Request.self.callback (C:\Program Files (x86)\nodejs\node_modules\npm\node_modules\request\request.js:368:22)
46 verbose stack     at Request.emit (events.js:110:17)
46 verbose stack     at Request.<anonymous> (C:\Program Files (x86)\nodejs\node_modules\npm\node_modules\request\request.js:1219:14)
46 verbose stack     at Request.emit (events.js:129:20)
46 verbose stack     at IncomingMessage.<anonymous> (C:\Program Files (x86)\nodejs\node_modules\npm\node_modules\request\request.js:1167:12)
46 verbose stack     at IncomingMessage.emit (events.js:129:20)
46 verbose stack     at _stream_readable.js:908:16
46 verbose stack     at process._tickCallback (node.js:355:11)
47 verbose statusCode 404
48 verbose pkgid cleanCssOptions
49 verbose cwd D:\Projects\untitled
50 error Windows_NT 6.1.7601
51 error argv "C:\\Program Files (x86)\\nodejs\\\\node.exe" "C:\\Program Files (x86)\\nodejs\\node_modules\\npm\\bin\\npm-cli.js" "install" "--save-dev" "cleanCssOptions"
52 error node v0.12.4
53 error npm  v2.10.1
54 error code E404
55 error 404 Registry returned 404 for GET on https://registry.npmjs.org/cleanCssOptions
55 error 404
55 error 404 'cleanCssOptions' is not in the npm registry.
55 error 404 You should bug the author to publish it (or use the name yourself!)
55 error 404 It was specified as a dependency of 'dashboard'
55 error 404
55 error 404 Note that you can also install from a
55 error 404 tarball, folder, http url, or git url.
56 verbose exit [ 1, true ]
